C51 COMPILER V9.03   EEPROM                                                                11/22/2014 02:38:01 PAGE 1   


C51 COMPILER V9.03, COMPILATION OF MODULE EEPROM
OBJECT MODULE PLACED IN eeprom.OBJ
COMPILER INVOKED BY: C:\Keil\C51\BIN\C51.EXE eeprom.c BROWSE DEBUG OBJECTEXTEND

line level    source

   1          #include "Includes.h"
   2          
   3          void eewrite(unsigned char rom_address, unsigned char write_data){
   4   1              unsigned int ii;
   5   1              I2C_Start();
   6   1              write_8bit(0xA0);
   7   1              I2C_Ack();
   8   1              //write_8bit(rom_addressHigh);
   9   1              //EEI2C_ACK();
  10   1              //write_8bit(rom_addressLow);
  11   1              //EEI2C_ACK();
  12   1              write_8bit(rom_address);
  13   1              I2C_Ack();
  14   1              write_8bit(write_data);
  15   1              I2C_Ack();
  16   1              I2C_Stop();
  17   1              // Delay only
  18   1              for(ii=0;ii<100;ii++){
  19   2                      delay_us(1000);
  20   2              }
  21   1      }
  22          
  23          void write_8bit(wData){
*** WARNING C235 IN LINE 23 OF eeprom.c: parameter 1: different types
  24   1              unsigned char i;
  25   1              SCL = 0;
  26   1              delay_us(1000);
  27   1              for(i=0;i<8;i++)
  28   1              {
  29   2                      if((wData & 0x80 ) == 0x80)
  30   2                              SDA = 1;
  31   2                      else
  32   2                      SDA = 0;
  33   2                      delay_us(1000);
  34   2                      SCL = 1;
  35   2                      delay_us(1000);
  36   2                      SCL = 0;
  37   2                      delay_us(1000);
  38   2                      wData=wData<<1;
  39   2              }
  40   1              SDA = 1;
  41   1              delay_us(1000);
  42   1              SCL = 1;
  43   1              delay_us(1000);
  44   1      }
  45          
  46          
  47          unsigned char eeread(unsigned char read_address){
  48   1              unsigned char read_data;
  49   1              I2C_Start();
  50   1              write_8bit(0xA0);
  51   1              I2C_Ack();
  52   1              //write_8bit(rom_addressHigh);
  53   1              //EEI2C_ACK();
  54   1              //write_8bit(rom_addressLow);
C51 COMPILER V9.03   EEPROM                                                                11/22/2014 02:38:01 PAGE 2   

  55   1              //EEI2C_ACK();
  56   1               write_8bit(read_address);
  57   1               I2C_Ack();
  58   1              I2C_Start();
  59   1              write_8bit(0xA1);
  60   1              I2C_Ack();
  61   1              read_data = read_8bit();
  62   1              I2C_Ack();
  63   1              I2C_Stop();
  64   1              return (read_data);
  65   1      }
  66          
  67          unsigned char read_8bit(void){
  68   1              unsigned char rdata,i;
  69   1              rdata = 0x00;
  70   1              for(i=0;i<8;i++){
  71   2                      rdata = rdata<<1;
  72   2                      SDA = 1;
  73   2                      delay_us(1000);
  74   2                      SCL = 0;
  75   2                      delay_us(1000);
  76   2                      SCL = 1;
  77   2                      delay_us(1000);
  78   2                      if(SDA==1)
  79   2                      rdata|=0x01;
  80   2              }
  81   1              return (rdata);
  82   1      }


MODULE INFORMATION:   STATIC OVERLAYABLE
   CODE SIZE        =    262    ----
   CONSTANT SIZE    =   ----    ----
   XDATA SIZE       =   ----    ----
   PDATA SIZE       =   ----    ----
   DATA SIZE        =   ----      11
   IDATA SIZE       =   ----    ----
   BIT SIZE         =   ----    ----
END OF MODULE INFORMATION.


C51 COMPILATION COMPLETE.  1 WARNING(S),  0 ERROR(S)
