C51 COMPILER V9.03   SERVO                                                                 11/22/2014 02:38:01 PAGE 1   


C51 COMPILER V9.03, COMPILATION OF MODULE SERVO
OBJECT MODULE PLACED IN servo.OBJ
COMPILER INVOKED BY: C:\Keil\C51\BIN\C51.EXE servo.c BROWSE DEBUG OBJECTEXTEND

line level    source

   1          #include "Includes.h"
   2          
   3          void write_pos(int position){
   4   1      
   5   1      int msec;
   6   1      
   7   1      switch(position){
   8   2      
   9   2              case 60:
  10   2                      msec = 30;
  11   2                      //while(!RI){
  12   2                      servo_signal1 = 1;
  13   2                      set_timer(msec);
  14   2                      servo_signal1 = 0;
  15   2                      set_timer(675 -msec);//}
  16   2                      //RI = 0;
  17   2              break;
  18   2      
  19   2              case 90:
  20   2                      msec = 60;
  21   2                      //while(!RI){
  22   2                      servo_signal1 = 1;
  23   2                      set_timer(msec);
  24   2                      servo_signal1 = 0;
  25   2                      set_timer(667 -msec);//}
  26   2                      //RI = 0;
  27   2              break;
  28   2      
  29   2              case 120:
  30   2                      msec = 90;
  31   2                      //while(!RI){
  32   2                      servo_signal1 = 1;
  33   2                      set_timer(msec);
  34   2                      servo_signal1 = 0;
  35   2                      set_timer(667 -msec);
  36   2                      //}
  37   2      
  38   2              //RI = 0;
  39   2              break;
  40   2              //default:
  41   2              //;
  42   2              }         //end switch
  43   1      
  44   1      }      //end write_pos
  45          
  46          
  47          
  48                                                                                     
  49          void set_timer(int x){          //time=50us*x
  50   1      
  51   1              int a;
  52   1              // To run the loop given below once it takes approx 50us
  53   1              // Since I have already used the timer 1 for serial communication, I use
  54   1              // the timer 0 to give PWM signal to the servo motor.
  55   1      
C51 COMPILER V9.03   SERVO                                                                 11/22/2014 02:38:01 PAGE 2   

  56   1              for(a=0;a<x;a++)                   
  57   1              {
  58   2                      
  59   2                              TMOD=0x22;
  60   2                              TH0=0xFF;
  61   2                              //TL0=0x00;
  62   2                              //TL0=0xE9;
  63   2                              TL0=0xD1;
  64   2      
  65   2                              TR0=1;
  66   2                              while(TF0==0);
  67   2                              TF0=0;
  68   2                              TR0=0;   
  69   2                      
  70   2              }
  71   1      }                         


MODULE INFORMATION:   STATIC OVERLAYABLE
   CODE SIZE        =    122    ----
   CONSTANT SIZE    =   ----    ----
   XDATA SIZE       =   ----    ----
   PDATA SIZE       =   ----    ----
   DATA SIZE        =   ----       2
   IDATA SIZE       =   ----    ----
   BIT SIZE         =   ----    ----
END OF MODULE INFORMATION.


C51 COMPILATION COMPLETE.  0 WARNING(S),  0 ERROR(S)
